mode: set
github.com/yigithankarabulut/ConcurrentTaskService/src/internal/customerror/customerror.go:28.45,31.2 2 1
github.com/yigithankarabulut/ConcurrentTaskService/src/internal/customerror/customerror.go:33.32,35.2 1 1
github.com/yigithankarabulut/ConcurrentTaskService/src/internal/customerror/customerror.go:37.44,40.2 2 1
github.com/yigithankarabulut/ConcurrentTaskService/src/internal/customerror/customerror.go:42.43,45.2 2 1
github.com/yigithankarabulut/ConcurrentTaskService/src/internal/customerror/customerror.go:47.32,48.18 1 1
github.com/yigithankarabulut/ConcurrentTaskService/src/internal/customerror/customerror.go:48.18,50.3 1 1
github.com/yigithankarabulut/ConcurrentTaskService/src/internal/customerror/customerror.go:51.2,51.18 1 1
github.com/yigithankarabulut/ConcurrentTaskService/src/internal/customerror/customerror.go:54.46,59.2 1 1
github.com/yigithankarabulut/ConcurrentTaskService/src/internal/service/taskservice/base.go:23.64,24.30 1 1
github.com/yigithankarabulut/ConcurrentTaskService/src/internal/service/taskservice/base.go:24.30,26.3 1 1
github.com/yigithankarabulut/ConcurrentTaskService/src/internal/service/taskservice/base.go:29.60,31.27 2 1
github.com/yigithankarabulut/ConcurrentTaskService/src/internal/service/taskservice/base.go:31.27,33.3 1 1
github.com/yigithankarabulut/ConcurrentTaskService/src/internal/service/taskservice/base.go:34.2,34.10 1 1
github.com/yigithankarabulut/ConcurrentTaskService/src/internal/service/taskservice/delete.go:9.84,10.9 1 1
github.com/yigithankarabulut/ConcurrentTaskService/src/internal/service/taskservice/delete.go:11.20,12.19 1 1
github.com/yigithankarabulut/ConcurrentTaskService/src/internal/service/taskservice/delete.go:13.10,14.54 1 1
github.com/yigithankarabulut/ConcurrentTaskService/src/internal/service/taskservice/delete.go:14.54,16.4 1 1
github.com/yigithankarabulut/ConcurrentTaskService/src/internal/service/taskservice/delete.go:17.3,17.54 1 1
github.com/yigithankarabulut/ConcurrentTaskService/src/internal/service/taskservice/delete.go:17.54,19.4 1 1
github.com/yigithankarabulut/ConcurrentTaskService/src/internal/service/taskservice/delete.go:20.3,20.13 1 1
github.com/yigithankarabulut/ConcurrentTaskService/src/internal/service/taskservice/get.go:9.98,10.9 1 1
github.com/yigithankarabulut/ConcurrentTaskService/src/internal/service/taskservice/get.go:11.20,12.39 1 1
github.com/yigithankarabulut/ConcurrentTaskService/src/internal/service/taskservice/get.go:13.10,15.17 2 1
github.com/yigithankarabulut/ConcurrentTaskService/src/internal/service/taskservice/get.go:15.17,17.4 1 1
github.com/yigithankarabulut/ConcurrentTaskService/src/internal/service/taskservice/get.go:18.3,23.9 1 1
github.com/yigithankarabulut/ConcurrentTaskService/src/internal/service/taskservice/list.go:9.102,10.9 1 1
github.com/yigithankarabulut/ConcurrentTaskService/src/internal/service/taskservice/list.go:11.20,12.24 1 1
github.com/yigithankarabulut/ConcurrentTaskService/src/internal/service/taskservice/list.go:13.10,15.17 2 1
github.com/yigithankarabulut/ConcurrentTaskService/src/internal/service/taskservice/list.go:15.17,17.4 1 1
github.com/yigithankarabulut/ConcurrentTaskService/src/internal/service/taskservice/list.go:18.3,19.30 2 1
github.com/yigithankarabulut/ConcurrentTaskService/src/internal/service/taskservice/list.go:19.30,26.4 1 0
github.com/yigithankarabulut/ConcurrentTaskService/src/internal/service/taskservice/list.go:27.3,27.28 1 1
github.com/yigithankarabulut/ConcurrentTaskService/src/internal/service/taskservice/set.go:12.98,13.9 1 1
github.com/yigithankarabulut/ConcurrentTaskService/src/internal/service/taskservice/set.go:14.20,15.39 1 1
github.com/yigithankarabulut/ConcurrentTaskService/src/internal/service/taskservice/set.go:16.10,17.54 1 1
github.com/yigithankarabulut/ConcurrentTaskService/src/internal/service/taskservice/set.go:17.54,20.4 2 0
github.com/yigithankarabulut/ConcurrentTaskService/src/internal/service/taskservice/set.go:21.3,27.49 2 1
github.com/yigithankarabulut/ConcurrentTaskService/src/internal/service/taskservice/set.go:27.49,29.4 1 1
github.com/yigithankarabulut/ConcurrentTaskService/src/internal/service/taskservice/set.go:30.3,35.9 1 1
github.com/yigithankarabulut/ConcurrentTaskService/src/internal/service/taskservice/update.go:10.104,11.9 1 1
github.com/yigithankarabulut/ConcurrentTaskService/src/internal/service/taskservice/update.go:12.20,13.39 1 1
github.com/yigithankarabulut/ConcurrentTaskService/src/internal/service/taskservice/update.go:14.10,15.54 1 1
github.com/yigithankarabulut/ConcurrentTaskService/src/internal/service/taskservice/update.go:15.54,17.4 1 1
github.com/yigithankarabulut/ConcurrentTaskService/src/internal/service/taskservice/update.go:18.3,24.52 2 1
github.com/yigithankarabulut/ConcurrentTaskService/src/internal/service/taskservice/update.go:24.52,26.4 1 1
github.com/yigithankarabulut/ConcurrentTaskService/src/internal/service/taskservice/update.go:27.3,32.9 1 1
github.com/yigithankarabulut/ConcurrentTaskService/src/internal/repository/taskstorage/base.go:22.47,23.30 1 1
github.com/yigithankarabulut/ConcurrentTaskService/src/internal/repository/taskstorage/base.go:23.30,25.3 1 1
github.com/yigithankarabulut/ConcurrentTaskService/src/internal/repository/taskstorage/base.go:28.59,30.27 2 1
github.com/yigithankarabulut/ConcurrentTaskService/src/internal/repository/taskstorage/base.go:30.27,32.3 1 1
github.com/yigithankarabulut/ConcurrentTaskService/src/internal/repository/taskstorage/base.go:33.2,33.10 1 1
github.com/yigithankarabulut/ConcurrentTaskService/src/internal/repository/taskstorage/delete.go:9.45,12.16 3 1
github.com/yigithankarabulut/ConcurrentTaskService/src/internal/repository/taskstorage/delete.go:12.16,14.3 1 1
github.com/yigithankarabulut/ConcurrentTaskService/src/internal/repository/taskstorage/delete.go:15.2,15.12 1 1
github.com/yigithankarabulut/ConcurrentTaskService/src/internal/repository/taskstorage/get.go:10.50,14.16 4 1
github.com/yigithankarabulut/ConcurrentTaskService/src/internal/repository/taskstorage/get.go:14.16,16.3 1 1
github.com/yigithankarabulut/ConcurrentTaskService/src/internal/repository/taskstorage/get.go:17.2,17.18 1 1
github.com/yigithankarabulut/ConcurrentTaskService/src/internal/repository/taskstorage/list.go:9.59,12.16 3 1
github.com/yigithankarabulut/ConcurrentTaskService/src/internal/repository/taskstorage/list.go:12.16,14.3 1 1
github.com/yigithankarabulut/ConcurrentTaskService/src/internal/repository/taskstorage/list.go:15.2,16.18 2 1
github.com/yigithankarabulut/ConcurrentTaskService/src/internal/repository/taskstorage/list.go:16.18,19.17 3 1
github.com/yigithankarabulut/ConcurrentTaskService/src/internal/repository/taskstorage/list.go:19.17,21.4 1 0
github.com/yigithankarabulut/ConcurrentTaskService/src/internal/repository/taskstorage/list.go:22.3,22.30 1 1
github.com/yigithankarabulut/ConcurrentTaskService/src/internal/repository/taskstorage/list.go:24.2,24.19 1 1
github.com/yigithankarabulut/ConcurrentTaskService/src/internal/repository/taskstorage/set.go:10.44,13.16 3 1
github.com/yigithankarabulut/ConcurrentTaskService/src/internal/repository/taskstorage/set.go:13.16,15.3 1 1
github.com/yigithankarabulut/ConcurrentTaskService/src/internal/repository/taskstorage/set.go:16.2,16.12 1 1
github.com/yigithankarabulut/ConcurrentTaskService/src/internal/repository/taskstorage/update.go:10.47,13.16 3 1
github.com/yigithankarabulut/ConcurrentTaskService/src/internal/repository/taskstorage/update.go:13.16,15.3 1 1
github.com/yigithankarabulut/ConcurrentTaskService/src/internal/repository/taskstorage/update.go:16.2,16.12 1 1
github.com/yigithankarabulut/ConcurrentTaskService/src/internal/service/workerservice/base.go:29.56,30.29 1 1
github.com/yigithankarabulut/ConcurrentTaskService/src/internal/service/workerservice/base.go:30.29,32.3 1 1
github.com/yigithankarabulut/ConcurrentTaskService/src/internal/service/workerservice/base.go:35.57,36.29 1 1
github.com/yigithankarabulut/ConcurrentTaskService/src/internal/service/workerservice/base.go:36.29,38.3 1 1
github.com/yigithankarabulut/ConcurrentTaskService/src/internal/service/workerservice/base.go:41.68,42.29 1 1
github.com/yigithankarabulut/ConcurrentTaskService/src/internal/service/workerservice/base.go:42.29,44.3 1 1
github.com/yigithankarabulut/ConcurrentTaskService/src/internal/service/workerservice/base.go:47.127,48.29 1 1
github.com/yigithankarabulut/ConcurrentTaskService/src/internal/service/workerservice/base.go:48.29,53.3 4 1
github.com/yigithankarabulut/ConcurrentTaskService/src/internal/service/workerservice/base.go:56.59,61.27 2 1
github.com/yigithankarabulut/ConcurrentTaskService/src/internal/service/workerservice/base.go:61.27,63.3 1 1
github.com/yigithankarabulut/ConcurrentTaskService/src/internal/service/workerservice/base.go:64.2,64.38 1 1
github.com/yigithankarabulut/ConcurrentTaskService/src/internal/service/workerservice/base.go:64.38,67.3 2 1
github.com/yigithankarabulut/ConcurrentTaskService/src/internal/service/workerservice/base.go:68.2,68.11 1 1
github.com/yigithankarabulut/ConcurrentTaskService/src/internal/service/workerservice/handlers.go:9.65,11.6 2 1
github.com/yigithankarabulut/ConcurrentTaskService/src/internal/service/workerservice/handlers.go:11.6,12.10 1 1
github.com/yigithankarabulut/ConcurrentTaskService/src/internal/service/workerservice/handlers.go:13.27,14.31 1 1
github.com/yigithankarabulut/ConcurrentTaskService/src/internal/service/workerservice/handlers.go:15.27,16.19 1 1
github.com/yigithankarabulut/ConcurrentTaskService/src/internal/service/workerservice/handlers.go:17.27,18.19 1 0
github.com/yigithankarabulut/ConcurrentTaskService/src/internal/service/workerservice/handlers.go:19.17,21.72 2 0
github.com/yigithankarabulut/ConcurrentTaskService/src/internal/service/workerservice/handlers.go:26.49,31.16 3 1
github.com/yigithankarabulut/ConcurrentTaskService/src/internal/service/workerservice/handlers.go:31.16,32.10 1 1
github.com/yigithankarabulut/ConcurrentTaskService/src/internal/service/workerservice/handlers.go:33.17,37.10 4 0
github.com/yigithankarabulut/ConcurrentTaskService/src/internal/service/workerservice/handlers.go:38.11,40.10 2 1
github.com/yigithankarabulut/ConcurrentTaskService/src/internal/service/workerservice/handlers.go:43.2,43.9 1 1
github.com/yigithankarabulut/ConcurrentTaskService/src/internal/service/workerservice/handlers.go:44.16,48.9 4 1
github.com/yigithankarabulut/ConcurrentTaskService/src/internal/service/workerservice/handlers.go:49.10,50.20 1 0
github.com/yigithankarabulut/ConcurrentTaskService/src/internal/service/workerservice/handlers.go:54.49,62.16 3 1
github.com/yigithankarabulut/ConcurrentTaskService/src/internal/service/workerservice/handlers.go:62.16,63.10 1 1
github.com/yigithankarabulut/ConcurrentTaskService/src/internal/service/workerservice/handlers.go:64.17,68.10 4 0
github.com/yigithankarabulut/ConcurrentTaskService/src/internal/service/workerservice/handlers.go:69.11,71.10 2 1
github.com/yigithankarabulut/ConcurrentTaskService/src/internal/service/workerservice/handlers.go:74.2,74.9 1 0
github.com/yigithankarabulut/ConcurrentTaskService/src/internal/service/workerservice/handlers.go:75.16,79.9 4 0
github.com/yigithankarabulut/ConcurrentTaskService/src/internal/service/workerservice/handlers.go:80.10,81.20 1 0
github.com/yigithankarabulut/ConcurrentTaskService/src/internal/service/workerservice/handlers.go:85.52,90.16 3 1
github.com/yigithankarabulut/ConcurrentTaskService/src/internal/service/workerservice/handlers.go:90.16,91.10 1 1
github.com/yigithankarabulut/ConcurrentTaskService/src/internal/service/workerservice/handlers.go:92.17,96.10 4 0
github.com/yigithankarabulut/ConcurrentTaskService/src/internal/service/workerservice/handlers.go:97.11,99.10 2 1
github.com/yigithankarabulut/ConcurrentTaskService/src/internal/service/workerservice/handlers.go:102.2,102.9 1 0
github.com/yigithankarabulut/ConcurrentTaskService/src/internal/service/workerservice/handlers.go:103.16,107.9 4 0
github.com/yigithankarabulut/ConcurrentTaskService/src/internal/service/workerservice/handlers.go:108.10,109.19 1 0
github.com/yigithankarabulut/ConcurrentTaskService/src/internal/service/workerservice/handlers.go:113.52,121.16 3 1
github.com/yigithankarabulut/ConcurrentTaskService/src/internal/service/workerservice/handlers.go:121.16,122.10 1 1
github.com/yigithankarabulut/ConcurrentTaskService/src/internal/service/workerservice/handlers.go:123.17,127.10 4 0
github.com/yigithankarabulut/ConcurrentTaskService/src/internal/service/workerservice/handlers.go:128.11,130.10 2 1
github.com/yigithankarabulut/ConcurrentTaskService/src/internal/service/workerservice/handlers.go:133.2,133.9 1 0
github.com/yigithankarabulut/ConcurrentTaskService/src/internal/service/workerservice/handlers.go:134.16,138.9 4 0
github.com/yigithankarabulut/ConcurrentTaskService/src/internal/service/workerservice/handlers.go:139.10,140.20 1 0
github.com/yigithankarabulut/ConcurrentTaskService/src/internal/service/workerservice/handlers.go:144.50,149.16 3 1
github.com/yigithankarabulut/ConcurrentTaskService/src/internal/service/workerservice/handlers.go:149.16,150.10 1 1
github.com/yigithankarabulut/ConcurrentTaskService/src/internal/service/workerservice/handlers.go:151.17,155.10 4 0
github.com/yigithankarabulut/ConcurrentTaskService/src/internal/service/workerservice/handlers.go:156.11,158.10 2 1
github.com/yigithankarabulut/ConcurrentTaskService/src/internal/service/workerservice/handlers.go:161.2,161.9 1 0
github.com/yigithankarabulut/ConcurrentTaskService/src/internal/service/workerservice/handlers.go:162.16,166.9 4 0
github.com/yigithankarabulut/ConcurrentTaskService/src/internal/service/workerservice/handlers.go:167.10,168.20 1 0
github.com/yigithankarabulut/ConcurrentTaskService/src/internal/service/workerservice/handlers.go:172.31,175.6 2 1
github.com/yigithankarabulut/ConcurrentTaskService/src/internal/service/workerservice/handlers.go:175.6,176.10 1 1
github.com/yigithankarabulut/ConcurrentTaskService/src/internal/service/workerservice/handlers.go:177.17,180.26 3 1
github.com/yigithankarabulut/ConcurrentTaskService/src/internal/service/workerservice/handlers.go:180.26,182.5 1 1
github.com/yigithankarabulut/ConcurrentTaskService/src/internal/service/workerservice/handlers.go:183.4,184.10 2 1
github.com/yigithankarabulut/ConcurrentTaskService/src/internal/service/workerservice/handlers.go:185.25,186.17 1 1
github.com/yigithankarabulut/ConcurrentTaskService/src/internal/service/workerservice/handlers.go:187.15,188.13 1 1
github.com/yigithankarabulut/ConcurrentTaskService/src/internal/service/workerservice/handlers.go:189.15,190.13 1 1
github.com/yigithankarabulut/ConcurrentTaskService/src/internal/service/workerservice/handlers.go:191.18,192.16 1 1
github.com/yigithankarabulut/ConcurrentTaskService/src/internal/service/workerservice/handlers.go:193.18,194.16 1 1
github.com/yigithankarabulut/ConcurrentTaskService/src/internal/service/workerservice/handlers.go:195.16,196.14 1 1
github.com/yigithankarabulut/ConcurrentTaskService/src/internal/transport/http/httphandler/base.go:28.65,29.36 1 1
github.com/yigithankarabulut/ConcurrentTaskService/src/internal/transport/http/httphandler/base.go:29.36,31.3 1 1
github.com/yigithankarabulut/ConcurrentTaskService/src/internal/transport/http/httphandler/base.go:34.70,35.36 1 1
github.com/yigithankarabulut/ConcurrentTaskService/src/internal/transport/http/httphandler/base.go:35.36,37.3 1 1
github.com/yigithankarabulut/ConcurrentTaskService/src/internal/transport/http/httphandler/base.go:40.61,41.36 1 1
github.com/yigithankarabulut/ConcurrentTaskService/src/internal/transport/http/httphandler/base.go:41.36,43.3 1 1
github.com/yigithankarabulut/ConcurrentTaskService/src/internal/transport/http/httphandler/base.go:46.52,47.36 1 1
github.com/yigithankarabulut/ConcurrentTaskService/src/internal/transport/http/httphandler/base.go:47.36,49.3 1 1
github.com/yigithankarabulut/ConcurrentTaskService/src/internal/transport/http/httphandler/base.go:52.50,56.27 2 1
github.com/yigithankarabulut/ConcurrentTaskService/src/internal/transport/http/httphandler/base.go:56.27,58.3 1 1
github.com/yigithankarabulut/ConcurrentTaskService/src/internal/transport/http/httphandler/base.go:59.2,59.16 1 1
github.com/yigithankarabulut/ConcurrentTaskService/src/internal/transport/http/httphandler/delete.go:27.70,33.35 4 1
github.com/yigithankarabulut/ConcurrentTaskService/src/internal/transport/http/httphandler/delete.go:33.35,40.3 2 1
github.com/yigithankarabulut/ConcurrentTaskService/src/internal/transport/http/httphandler/delete.go:42.2,42.29 1 1
github.com/yigithankarabulut/ConcurrentTaskService/src/internal/transport/http/httphandler/delete.go:42.29,48.3 2 1
github.com/yigithankarabulut/ConcurrentTaskService/src/internal/transport/http/httphandler/delete.go:49.2,51.16 3 1
github.com/yigithankarabulut/ConcurrentTaskService/src/internal/transport/http/httphandler/delete.go:51.16,57.3 2 1
github.com/yigithankarabulut/ConcurrentTaskService/src/internal/transport/http/httphandler/delete.go:58.2,58.13 1 1
github.com/yigithankarabulut/ConcurrentTaskService/src/internal/transport/http/httphandler/delete.go:58.13,64.3 2 1
github.com/yigithankarabulut/ConcurrentTaskService/src/internal/transport/http/httphandler/delete.go:66.2,71.45 4 1
github.com/yigithankarabulut/ConcurrentTaskService/src/internal/transport/http/httphandler/delete.go:71.45,73.47 1 1
github.com/yigithankarabulut/ConcurrentTaskService/src/internal/transport/http/httphandler/delete.go:73.47,79.4 2 1
github.com/yigithankarabulut/ConcurrentTaskService/src/internal/transport/http/httphandler/delete.go:80.3,81.30 2 1
github.com/yigithankarabulut/ConcurrentTaskService/src/internal/transport/http/httphandler/delete.go:81.30,83.26 2 1
github.com/yigithankarabulut/ConcurrentTaskService/src/internal/transport/http/httphandler/delete.go:83.26,85.11 2 0
github.com/yigithankarabulut/ConcurrentTaskService/src/internal/transport/http/httphandler/delete.go:85.11,87.6 1 0
github.com/yigithankarabulut/ConcurrentTaskService/src/internal/transport/http/httphandler/delete.go:89.4,89.23 1 1
github.com/yigithankarabulut/ConcurrentTaskService/src/internal/transport/http/httphandler/delete.go:89.23,91.5 1 1
github.com/yigithankarabulut/ConcurrentTaskService/src/internal/transport/http/httphandler/delete.go:92.4,92.43 1 1
github.com/yigithankarabulut/ConcurrentTaskService/src/internal/transport/http/httphandler/delete.go:92.43,98.5 2 1
github.com/yigithankarabulut/ConcurrentTaskService/src/internal/transport/http/httphandler/delete.go:99.4,99.39 1 1
github.com/yigithankarabulut/ConcurrentTaskService/src/internal/transport/http/httphandler/delete.go:99.39,105.5 2 0
github.com/yigithankarabulut/ConcurrentTaskService/src/internal/transport/http/httphandler/delete.go:107.3,111.9 2 1
github.com/yigithankarabulut/ConcurrentTaskService/src/internal/transport/http/httphandler/delete.go:114.2,117.3 1 1
github.com/yigithankarabulut/ConcurrentTaskService/src/internal/transport/http/httphandler/get.go:27.67,33.32 4 1
github.com/yigithankarabulut/ConcurrentTaskService/src/internal/transport/http/httphandler/get.go:33.32,40.3 2 1
github.com/yigithankarabulut/ConcurrentTaskService/src/internal/transport/http/httphandler/get.go:42.2,42.29 1 1
github.com/yigithankarabulut/ConcurrentTaskService/src/internal/transport/http/httphandler/get.go:42.29,48.3 2 1
github.com/yigithankarabulut/ConcurrentTaskService/src/internal/transport/http/httphandler/get.go:49.2,51.16 3 1
github.com/yigithankarabulut/ConcurrentTaskService/src/internal/transport/http/httphandler/get.go:51.16,57.3 2 1
github.com/yigithankarabulut/ConcurrentTaskService/src/internal/transport/http/httphandler/get.go:58.2,58.13 1 1
github.com/yigithankarabulut/ConcurrentTaskService/src/internal/transport/http/httphandler/get.go:58.13,64.3 2 1
github.com/yigithankarabulut/ConcurrentTaskService/src/internal/transport/http/httphandler/get.go:66.2,72.16 5 1
github.com/yigithankarabulut/ConcurrentTaskService/src/internal/transport/http/httphandler/get.go:72.16,74.47 1 1
github.com/yigithankarabulut/ConcurrentTaskService/src/internal/transport/http/httphandler/get.go:74.47,80.4 2 1
github.com/yigithankarabulut/ConcurrentTaskService/src/internal/transport/http/httphandler/get.go:81.3,82.30 2 1
github.com/yigithankarabulut/ConcurrentTaskService/src/internal/transport/http/httphandler/get.go:82.30,84.26 2 1
github.com/yigithankarabulut/ConcurrentTaskService/src/internal/transport/http/httphandler/get.go:84.26,86.11 2 0
github.com/yigithankarabulut/ConcurrentTaskService/src/internal/transport/http/httphandler/get.go:86.11,88.6 1 0
github.com/yigithankarabulut/ConcurrentTaskService/src/internal/transport/http/httphandler/get.go:90.4,90.23 1 1
github.com/yigithankarabulut/ConcurrentTaskService/src/internal/transport/http/httphandler/get.go:90.23,92.5 1 1
github.com/yigithankarabulut/ConcurrentTaskService/src/internal/transport/http/httphandler/get.go:93.4,93.43 1 1
github.com/yigithankarabulut/ConcurrentTaskService/src/internal/transport/http/httphandler/get.go:93.43,99.5 2 1
github.com/yigithankarabulut/ConcurrentTaskService/src/internal/transport/http/httphandler/get.go:101.3,105.9 2 1
github.com/yigithankarabulut/ConcurrentTaskService/src/internal/transport/http/httphandler/get.go:108.2,112.8 2 1
github.com/yigithankarabulut/ConcurrentTaskService/src/internal/transport/http/httphandler/list.go:28.68,34.33 4 1
github.com/yigithankarabulut/ConcurrentTaskService/src/internal/transport/http/httphandler/list.go:34.33,41.3 2 1
github.com/yigithankarabulut/ConcurrentTaskService/src/internal/transport/http/httphandler/list.go:42.2,42.28 1 1
github.com/yigithankarabulut/ConcurrentTaskService/src/internal/transport/http/httphandler/list.go:42.28,48.3 2 1
github.com/yigithankarabulut/ConcurrentTaskService/src/internal/transport/http/httphandler/list.go:50.2,51.16 2 1
github.com/yigithankarabulut/ConcurrentTaskService/src/internal/transport/http/httphandler/list.go:51.16,57.3 2 1
github.com/yigithankarabulut/ConcurrentTaskService/src/internal/transport/http/httphandler/list.go:58.2,64.16 5 1
github.com/yigithankarabulut/ConcurrentTaskService/src/internal/transport/http/httphandler/list.go:64.16,66.47 1 1
github.com/yigithankarabulut/ConcurrentTaskService/src/internal/transport/http/httphandler/list.go:66.47,72.4 2 1
github.com/yigithankarabulut/ConcurrentTaskService/src/internal/transport/http/httphandler/list.go:73.3,74.30 2 1
github.com/yigithankarabulut/ConcurrentTaskService/src/internal/transport/http/httphandler/list.go:74.30,76.26 2 1
github.com/yigithankarabulut/ConcurrentTaskService/src/internal/transport/http/httphandler/list.go:76.26,78.11 2 0
github.com/yigithankarabulut/ConcurrentTaskService/src/internal/transport/http/httphandler/list.go:78.11,80.6 1 0
github.com/yigithankarabulut/ConcurrentTaskService/src/internal/transport/http/httphandler/list.go:83.4,83.23 1 1
github.com/yigithankarabulut/ConcurrentTaskService/src/internal/transport/http/httphandler/list.go:83.23,85.5 1 1
github.com/yigithankarabulut/ConcurrentTaskService/src/internal/transport/http/httphandler/list.go:87.4,87.39 1 1
github.com/yigithankarabulut/ConcurrentTaskService/src/internal/transport/http/httphandler/list.go:87.39,93.5 2 1
github.com/yigithankarabulut/ConcurrentTaskService/src/internal/transport/http/httphandler/list.go:95.3,99.9 2 1
github.com/yigithankarabulut/ConcurrentTaskService/src/internal/transport/http/httphandler/list.go:102.2,105.3 1 1
github.com/yigithankarabulut/ConcurrentTaskService/src/internal/transport/http/httphandler/set.go:28.67,34.33 4 1
github.com/yigithankarabulut/ConcurrentTaskService/src/internal/transport/http/httphandler/set.go:34.33,41.3 2 1
github.com/yigithankarabulut/ConcurrentTaskService/src/internal/transport/http/httphandler/set.go:42.2,42.28 1 1
github.com/yigithankarabulut/ConcurrentTaskService/src/internal/transport/http/httphandler/set.go:42.28,48.3 2 1
github.com/yigithankarabulut/ConcurrentTaskService/src/internal/transport/http/httphandler/set.go:50.2,51.16 2 1
github.com/yigithankarabulut/ConcurrentTaskService/src/internal/transport/http/httphandler/set.go:51.16,57.3 2 1
github.com/yigithankarabulut/ConcurrentTaskService/src/internal/transport/http/httphandler/set.go:58.2,64.16 5 1
github.com/yigithankarabulut/ConcurrentTaskService/src/internal/transport/http/httphandler/set.go:64.16,66.47 1 1
github.com/yigithankarabulut/ConcurrentTaskService/src/internal/transport/http/httphandler/set.go:66.47,72.4 2 1
github.com/yigithankarabulut/ConcurrentTaskService/src/internal/transport/http/httphandler/set.go:73.3,74.30 2 1
github.com/yigithankarabulut/ConcurrentTaskService/src/internal/transport/http/httphandler/set.go:74.30,76.26 2 1
github.com/yigithankarabulut/ConcurrentTaskService/src/internal/transport/http/httphandler/set.go:76.26,78.11 2 0
github.com/yigithankarabulut/ConcurrentTaskService/src/internal/transport/http/httphandler/set.go:78.11,80.6 1 0
github.com/yigithankarabulut/ConcurrentTaskService/src/internal/transport/http/httphandler/set.go:82.4,82.23 1 1
github.com/yigithankarabulut/ConcurrentTaskService/src/internal/transport/http/httphandler/set.go:82.23,84.5 1 1
github.com/yigithankarabulut/ConcurrentTaskService/src/internal/transport/http/httphandler/set.go:86.4,86.41 1 1
github.com/yigithankarabulut/ConcurrentTaskService/src/internal/transport/http/httphandler/set.go:86.41,92.5 2 1
github.com/yigithankarabulut/ConcurrentTaskService/src/internal/transport/http/httphandler/set.go:93.4,93.36 1 1
github.com/yigithankarabulut/ConcurrentTaskService/src/internal/transport/http/httphandler/set.go:93.36,99.5 2 1
github.com/yigithankarabulut/ConcurrentTaskService/src/internal/transport/http/httphandler/set.go:101.3,105.9 2 1
github.com/yigithankarabulut/ConcurrentTaskService/src/internal/transport/http/httphandler/set.go:108.2,111.3 1 1
github.com/yigithankarabulut/ConcurrentTaskService/src/internal/transport/http/httphandler/update.go:28.70,34.32 4 1
github.com/yigithankarabulut/ConcurrentTaskService/src/internal/transport/http/httphandler/update.go:34.32,41.3 2 1
github.com/yigithankarabulut/ConcurrentTaskService/src/internal/transport/http/httphandler/update.go:42.2,42.28 1 1
github.com/yigithankarabulut/ConcurrentTaskService/src/internal/transport/http/httphandler/update.go:42.28,48.3 2 1
github.com/yigithankarabulut/ConcurrentTaskService/src/internal/transport/http/httphandler/update.go:50.2,51.16 2 1
github.com/yigithankarabulut/ConcurrentTaskService/src/internal/transport/http/httphandler/update.go:51.16,57.3 2 1
github.com/yigithankarabulut/ConcurrentTaskService/src/internal/transport/http/httphandler/update.go:58.2,64.16 5 1
github.com/yigithankarabulut/ConcurrentTaskService/src/internal/transport/http/httphandler/update.go:64.16,66.47 1 1
github.com/yigithankarabulut/ConcurrentTaskService/src/internal/transport/http/httphandler/update.go:66.47,72.4 2 1
github.com/yigithankarabulut/ConcurrentTaskService/src/internal/transport/http/httphandler/update.go:73.3,74.30 2 1
github.com/yigithankarabulut/ConcurrentTaskService/src/internal/transport/http/httphandler/update.go:74.30,76.26 2 1
github.com/yigithankarabulut/ConcurrentTaskService/src/internal/transport/http/httphandler/update.go:76.26,78.11 2 0
github.com/yigithankarabulut/ConcurrentTaskService/src/internal/transport/http/httphandler/update.go:78.11,80.6 1 0
github.com/yigithankarabulut/ConcurrentTaskService/src/internal/transport/http/httphandler/update.go:82.4,82.23 1 1
github.com/yigithankarabulut/ConcurrentTaskService/src/internal/transport/http/httphandler/update.go:82.23,84.5 1 1
github.com/yigithankarabulut/ConcurrentTaskService/src/internal/transport/http/httphandler/update.go:85.4,85.43 1 1
github.com/yigithankarabulut/ConcurrentTaskService/src/internal/transport/http/httphandler/update.go:85.43,91.5 2 1
github.com/yigithankarabulut/ConcurrentTaskService/src/internal/transport/http/httphandler/update.go:92.4,92.39 1 1
github.com/yigithankarabulut/ConcurrentTaskService/src/internal/transport/http/httphandler/update.go:92.39,98.5 2 1
github.com/yigithankarabulut/ConcurrentTaskService/src/internal/transport/http/httphandler/update.go:100.3,104.9 2 1
github.com/yigithankarabulut/ConcurrentTaskService/src/internal/transport/http/httphandler/update.go:107.2,110.3 1 1
