mode: set
coverage: 93.3% of statements
ok      github.com/yigithankarabulut/ConcurrentTaskService/internal/service/taskservice     0.002s
github.com/yigithankarabulut/ConcurrentTaskService/internal/service/taskservice/base.go:23.64,24.30 1 1
github.com/yigithankarabulut/ConcurrentTaskService/internal/service/taskservice/base.go:24.30,26.3 1 1
github.com/yigithankarabulut/ConcurrentTaskService/internal/service/taskservice/base.go:29.60,31.27 2 1
github.com/yigithankarabulut/ConcurrentTaskService/internal/service/taskservice/base.go:31.27,33.3 1 1
github.com/yigithankarabulut/ConcurrentTaskService/internal/service/taskservice/base.go:34.2,34.10 1 1
github.com/yigithankarabulut/ConcurrentTaskService/internal/service/taskservice/delete.go:9.84,10.9 1 1
github.com/yigithankarabulut/ConcurrentTaskService/internal/service/taskservice/delete.go:11.20,12.19 1 1
github.com/yigithankarabulut/ConcurrentTaskService/internal/service/taskservice/delete.go:13.10,14.54 1 1
github.com/yigithankarabulut/ConcurrentTaskService/internal/service/taskservice/delete.go:14.54,16.4 1 1
github.com/yigithankarabulut/ConcurrentTaskService/internal/service/taskservice/delete.go:17.3,17.54 1 1
github.com/yigithankarabulut/ConcurrentTaskService/internal/service/taskservice/delete.go:17.54,19.4 1 1
github.com/yigithankarabulut/ConcurrentTaskService/internal/service/taskservice/delete.go:20.3,20.13 1 1
github.com/yigithankarabulut/ConcurrentTaskService/internal/service/taskservice/get.go:9.98,10.9 1 1
github.com/yigithankarabulut/ConcurrentTaskService/internal/service/taskservice/get.go:11.20,12.39 1 1
github.com/yigithankarabulut/ConcurrentTaskService/internal/service/taskservice/get.go:13.10,15.17 2 1
github.com/yigithankarabulut/ConcurrentTaskService/internal/service/taskservice/get.go:15.17,17.4 1 1
github.com/yigithankarabulut/ConcurrentTaskService/internal/service/taskservice/get.go:18.3,23.9 1 1
github.com/yigithankarabulut/ConcurrentTaskService/internal/service/taskservice/list.go:9.102,10.9 1 1
github.com/yigithankarabulut/ConcurrentTaskService/internal/service/taskservice/list.go:11.20,12.24 1 1
github.com/yigithankarabulut/ConcurrentTaskService/internal/service/taskservice/list.go:13.10,15.17 2 1
github.com/yigithankarabulut/ConcurrentTaskService/internal/service/taskservice/list.go:15.17,17.4 1 1
github.com/yigithankarabulut/ConcurrentTaskService/internal/service/taskservice/list.go:18.3,19.30 2 1
github.com/yigithankarabulut/ConcurrentTaskService/internal/service/taskservice/list.go:19.30,26.4 1 0
github.com/yigithankarabulut/ConcurrentTaskService/internal/service/taskservice/list.go:27.3,27.28 1 1
github.com/yigithankarabulut/ConcurrentTaskService/internal/service/taskservice/set.go:12.98,13.9 1 1
github.com/yigithankarabulut/ConcurrentTaskService/internal/service/taskservice/set.go:14.20,15.39 1 1
github.com/yigithankarabulut/ConcurrentTaskService/internal/service/taskservice/set.go:16.10,17.54 1 1
github.com/yigithankarabulut/ConcurrentTaskService/internal/service/taskservice/set.go:17.54,20.4 2 0
github.com/yigithankarabulut/ConcurrentTaskService/internal/service/taskservice/set.go:21.3,27.49 2 1
github.com/yigithankarabulut/ConcurrentTaskService/internal/service/taskservice/set.go:27.49,29.4 1 1
github.com/yigithankarabulut/ConcurrentTaskService/internal/service/taskservice/set.go:30.3,35.9 1 1
github.com/yigithankarabulut/ConcurrentTaskService/internal/service/taskservice/update.go:10.104,11.9 1 1
github.com/yigithankarabulut/ConcurrentTaskService/internal/service/taskservice/update.go:12.20,13.39 1 1
github.com/yigithankarabulut/ConcurrentTaskService/internal/service/taskservice/update.go:14.10,15.54 1 1
github.com/yigithankarabulut/ConcurrentTaskService/internal/service/taskservice/update.go:15.54,17.4 1 1
github.com/yigithankarabulut/ConcurrentTaskService/internal/service/taskservice/update.go:18.3,24.52 2 1
github.com/yigithankarabulut/ConcurrentTaskService/internal/service/taskservice/update.go:24.52,26.4 1 1
github.com/yigithankarabulut/ConcurrentTaskService/internal/service/taskservice/update.go:27.3,32.9 1 1
