mode: set
coverage: 60.3% of statements
ok      github.com/yigithankarabulut/ConcurrentTaskService/src/internal/service/workerservice   0.003s
github.com/yigithankarabulut/ConcurrentTaskService/src/internal/service/workerservice/base.go:29.56,30.29 1 1
github.com/yigithankarabulut/ConcurrentTaskService/src/internal/service/workerservice/base.go:30.29,32.3 1 1
github.com/yigithankarabulut/ConcurrentTaskService/src/internal/service/workerservice/base.go:35.57,36.29 1 1
github.com/yigithankarabulut/ConcurrentTaskService/src/internal/service/workerservice/base.go:36.29,38.3 1 1
github.com/yigithankarabulut/ConcurrentTaskService/src/internal/service/workerservice/base.go:41.68,42.29 1 1
github.com/yigithankarabulut/ConcurrentTaskService/src/internal/service/workerservice/base.go:42.29,44.3 1 1
github.com/yigithankarabulut/ConcurrentTaskService/src/internal/service/workerservice/base.go:47.127,48.29 1 1
github.com/yigithankarabulut/ConcurrentTaskService/src/internal/service/workerservice/base.go:48.29,53.3 4 1
github.com/yigithankarabulut/ConcurrentTaskService/src/internal/service/workerservice/base.go:56.59,61.27 2 1
github.com/yigithankarabulut/ConcurrentTaskService/src/internal/service/workerservice/base.go:61.27,63.3 1 1
github.com/yigithankarabulut/ConcurrentTaskService/src/internal/service/workerservice/base.go:64.2,64.38 1 1
github.com/yigithankarabulut/ConcurrentTaskService/src/internal/service/workerservice/base.go:64.38,67.3 2 1
github.com/yigithankarabulut/ConcurrentTaskService/src/internal/service/workerservice/base.go:68.2,68.11 1 1
github.com/yigithankarabulut/ConcurrentTaskService/src/internal/service/workerservice/handlers.go:9.65,11.6 2 1
github.com/yigithankarabulut/ConcurrentTaskService/src/internal/service/workerservice/handlers.go:11.6,12.10 1 1
github.com/yigithankarabulut/ConcurrentTaskService/src/internal/service/workerservice/handlers.go:13.27,14.31 1 1
github.com/yigithankarabulut/ConcurrentTaskService/src/internal/service/workerservice/handlers.go:15.27,16.19 1 1
github.com/yigithankarabulut/ConcurrentTaskService/src/internal/service/workerservice/handlers.go:17.27,18.19 1 0
github.com/yigithankarabulut/ConcurrentTaskService/src/internal/service/workerservice/handlers.go:19.17,21.72 2 0
github.com/yigithankarabulut/ConcurrentTaskService/src/internal/service/workerservice/handlers.go:26.49,31.16 3 1
github.com/yigithankarabulut/ConcurrentTaskService/src/internal/service/workerservice/handlers.go:31.16,32.10 1 1
github.com/yigithankarabulut/ConcurrentTaskService/src/internal/service/workerservice/handlers.go:33.17,37.10 4 0
github.com/yigithankarabulut/ConcurrentTaskService/src/internal/service/workerservice/handlers.go:38.11,40.10 2 1
github.com/yigithankarabulut/ConcurrentTaskService/src/internal/service/workerservice/handlers.go:43.2,43.9 1 1
github.com/yigithankarabulut/ConcurrentTaskService/src/internal/service/workerservice/handlers.go:44.16,48.9 4 1
github.com/yigithankarabulut/ConcurrentTaskService/src/internal/service/workerservice/handlers.go:49.10,50.20 1 0
github.com/yigithankarabulut/ConcurrentTaskService/src/internal/service/workerservice/handlers.go:54.49,62.16 3 1
github.com/yigithankarabulut/ConcurrentTaskService/src/internal/service/workerservice/handlers.go:62.16,63.10 1 1
github.com/yigithankarabulut/ConcurrentTaskService/src/internal/service/workerservice/handlers.go:64.17,68.10 4 0
github.com/yigithankarabulut/ConcurrentTaskService/src/internal/service/workerservice/handlers.go:69.11,71.10 2 1
github.com/yigithankarabulut/ConcurrentTaskService/src/internal/service/workerservice/handlers.go:74.2,74.9 1 0
github.com/yigithankarabulut/ConcurrentTaskService/src/internal/service/workerservice/handlers.go:75.16,79.9 4 0
github.com/yigithankarabulut/ConcurrentTaskService/src/internal/service/workerservice/handlers.go:80.10,81.20 1 0
github.com/yigithankarabulut/ConcurrentTaskService/src/internal/service/workerservice/handlers.go:85.52,90.16 3 1
github.com/yigithankarabulut/ConcurrentTaskService/src/internal/service/workerservice/handlers.go:90.16,91.10 1 1
github.com/yigithankarabulut/ConcurrentTaskService/src/internal/service/workerservice/handlers.go:92.17,96.10 4 0
github.com/yigithankarabulut/ConcurrentTaskService/src/internal/service/workerservice/handlers.go:97.11,99.10 2 1
github.com/yigithankarabulut/ConcurrentTaskService/src/internal/service/workerservice/handlers.go:102.2,102.9 1 0
github.com/yigithankarabulut/ConcurrentTaskService/src/internal/service/workerservice/handlers.go:103.16,107.9 4 0
github.com/yigithankarabulut/ConcurrentTaskService/src/internal/service/workerservice/handlers.go:108.10,109.19 1 0
github.com/yigithankarabulut/ConcurrentTaskService/src/internal/service/workerservice/handlers.go:113.52,121.16 3 1
github.com/yigithankarabulut/ConcurrentTaskService/src/internal/service/workerservice/handlers.go:121.16,122.10 1 1
github.com/yigithankarabulut/ConcurrentTaskService/src/internal/service/workerservice/handlers.go:123.17,127.10 4 0
github.com/yigithankarabulut/ConcurrentTaskService/src/internal/service/workerservice/handlers.go:128.11,130.10 2 1
github.com/yigithankarabulut/ConcurrentTaskService/src/internal/service/workerservice/handlers.go:133.2,133.9 1 0
github.com/yigithankarabulut/ConcurrentTaskService/src/internal/service/workerservice/handlers.go:134.16,138.9 4 0
github.com/yigithankarabulut/ConcurrentTaskService/src/internal/service/workerservice/handlers.go:139.10,140.20 1 0
github.com/yigithankarabulut/ConcurrentTaskService/src/internal/service/workerservice/handlers.go:144.50,149.16 3 1
github.com/yigithankarabulut/ConcurrentTaskService/src/internal/service/workerservice/handlers.go:149.16,150.10 1 1
github.com/yigithankarabulut/ConcurrentTaskService/src/internal/service/workerservice/handlers.go:151.17,155.10 4 0
github.com/yigithankarabulut/ConcurrentTaskService/src/internal/service/workerservice/handlers.go:156.11,158.10 2 1
github.com/yigithankarabulut/ConcurrentTaskService/src/internal/service/workerservice/handlers.go:161.2,161.9 1 0
github.com/yigithankarabulut/ConcurrentTaskService/src/internal/service/workerservice/handlers.go:162.16,166.9 4 0
github.com/yigithankarabulut/ConcurrentTaskService/src/internal/service/workerservice/handlers.go:167.10,168.20 1 0
github.com/yigithankarabulut/ConcurrentTaskService/src/internal/service/workerservice/handlers.go:172.31,175.6 2 1
github.com/yigithankarabulut/ConcurrentTaskService/src/internal/service/workerservice/handlers.go:175.6,176.10 1 1
github.com/yigithankarabulut/ConcurrentTaskService/src/internal/service/workerservice/handlers.go:177.17,180.26 3 1
github.com/yigithankarabulut/ConcurrentTaskService/src/internal/service/workerservice/handlers.go:180.26,182.5 1 1
github.com/yigithankarabulut/ConcurrentTaskService/src/internal/service/workerservice/handlers.go:183.4,184.10 2 1
github.com/yigithankarabulut/ConcurrentTaskService/src/internal/service/workerservice/handlers.go:185.25,186.17 1 1
github.com/yigithankarabulut/ConcurrentTaskService/src/internal/service/workerservice/handlers.go:187.15,188.13 1 1
github.com/yigithankarabulut/ConcurrentTaskService/src/internal/service/workerservice/handlers.go:189.15,190.13 1 1
github.com/yigithankarabulut/ConcurrentTaskService/src/internal/service/workerservice/handlers.go:191.18,192.16 1 1
github.com/yigithankarabulut/ConcurrentTaskService/src/internal/service/workerservice/handlers.go:193.18,194.16 1 1
github.com/yigithankarabulut/ConcurrentTaskService/src/internal/service/workerservice/handlers.go:195.16,196.14 1 1
