mode: set
coverage: 91.9% of statements
ok      github.com/yigithankarabulut/ConcurrentTaskService/internal/transport/http/httphandler      0.007s
github.com/yigithankarabulut/ConcurrentTaskService/internal/transport/http/httphandler/base.go:28.65,29.36 1 1
github.com/yigithankarabulut/ConcurrentTaskService/internal/transport/http/httphandler/base.go:29.36,31.3 1 1
github.com/yigithankarabulut/ConcurrentTaskService/internal/transport/http/httphandler/base.go:34.70,35.36 1 1
github.com/yigithankarabulut/ConcurrentTaskService/internal/transport/http/httphandler/base.go:35.36,37.3 1 1
github.com/yigithankarabulut/ConcurrentTaskService/internal/transport/http/httphandler/base.go:40.61,41.36 1 1
github.com/yigithankarabulut/ConcurrentTaskService/internal/transport/http/httphandler/base.go:41.36,43.3 1 1
github.com/yigithankarabulut/ConcurrentTaskService/internal/transport/http/httphandler/base.go:46.52,47.36 1 1
github.com/yigithankarabulut/ConcurrentTaskService/internal/transport/http/httphandler/base.go:47.36,49.3 1 1
github.com/yigithankarabulut/ConcurrentTaskService/internal/transport/http/httphandler/base.go:52.50,56.27 2 1
github.com/yigithankarabulut/ConcurrentTaskService/internal/transport/http/httphandler/base.go:56.27,58.3 1 1
github.com/yigithankarabulut/ConcurrentTaskService/internal/transport/http/httphandler/base.go:59.2,59.16 1 1
github.com/yigithankarabulut/ConcurrentTaskService/internal/transport/http/httphandler/delete.go:27.70,33.35 4 1
github.com/yigithankarabulut/ConcurrentTaskService/internal/transport/http/httphandler/delete.go:33.35,40.3 2 1
github.com/yigithankarabulut/ConcurrentTaskService/internal/transport/http/httphandler/delete.go:42.2,42.29 1 1
github.com/yigithankarabulut/ConcurrentTaskService/internal/transport/http/httphandler/delete.go:42.29,48.3 2 1
github.com/yigithankarabulut/ConcurrentTaskService/internal/transport/http/httphandler/delete.go:49.2,51.16 3 1
github.com/yigithankarabulut/ConcurrentTaskService/internal/transport/http/httphandler/delete.go:51.16,57.3 2 1
github.com/yigithankarabulut/ConcurrentTaskService/internal/transport/http/httphandler/delete.go:58.2,58.13 1 1
github.com/yigithankarabulut/ConcurrentTaskService/internal/transport/http/httphandler/delete.go:58.13,64.3 2 1
github.com/yigithankarabulut/ConcurrentTaskService/internal/transport/http/httphandler/delete.go:66.2,71.45 4 1
github.com/yigithankarabulut/ConcurrentTaskService/internal/transport/http/httphandler/delete.go:71.45,73.47 1 1
github.com/yigithankarabulut/ConcurrentTaskService/internal/transport/http/httphandler/delete.go:73.47,79.4 2 1
github.com/yigithankarabulut/ConcurrentTaskService/internal/transport/http/httphandler/delete.go:80.3,81.30 2 1
github.com/yigithankarabulut/ConcurrentTaskService/internal/transport/http/httphandler/delete.go:81.30,83.26 2 1
github.com/yigithankarabulut/ConcurrentTaskService/internal/transport/http/httphandler/delete.go:83.26,85.11 2 0
github.com/yigithankarabulut/ConcurrentTaskService/internal/transport/http/httphandler/delete.go:85.11,87.6 1 0
github.com/yigithankarabulut/ConcurrentTaskService/internal/transport/http/httphandler/delete.go:89.4,89.23 1 1
github.com/yigithankarabulut/ConcurrentTaskService/internal/transport/http/httphandler/delete.go:89.23,91.5 1 1
github.com/yigithankarabulut/ConcurrentTaskService/internal/transport/http/httphandler/delete.go:92.4,92.43 1 1
github.com/yigithankarabulut/ConcurrentTaskService/internal/transport/http/httphandler/delete.go:92.43,98.5 2 1
github.com/yigithankarabulut/ConcurrentTaskService/internal/transport/http/httphandler/delete.go:99.4,99.39 1 1
github.com/yigithankarabulut/ConcurrentTaskService/internal/transport/http/httphandler/delete.go:99.39,105.5 2 0
github.com/yigithankarabulut/ConcurrentTaskService/internal/transport/http/httphandler/delete.go:107.3,111.9 2 1
github.com/yigithankarabulut/ConcurrentTaskService/internal/transport/http/httphandler/delete.go:114.2,117.3 1 1
github.com/yigithankarabulut/ConcurrentTaskService/internal/transport/http/httphandler/get.go:27.67,33.32 4 1
github.com/yigithankarabulut/ConcurrentTaskService/internal/transport/http/httphandler/get.go:33.32,40.3 2 1
github.com/yigithankarabulut/ConcurrentTaskService/internal/transport/http/httphandler/get.go:42.2,42.29 1 1
github.com/yigithankarabulut/ConcurrentTaskService/internal/transport/http/httphandler/get.go:42.29,48.3 2 1
github.com/yigithankarabulut/ConcurrentTaskService/internal/transport/http/httphandler/get.go:49.2,51.16 3 1
github.com/yigithankarabulut/ConcurrentTaskService/internal/transport/http/httphandler/get.go:51.16,57.3 2 1
github.com/yigithankarabulut/ConcurrentTaskService/internal/transport/http/httphandler/get.go:58.2,58.13 1 1
github.com/yigithankarabulut/ConcurrentTaskService/internal/transport/http/httphandler/get.go:58.13,64.3 2 1
github.com/yigithankarabulut/ConcurrentTaskService/internal/transport/http/httphandler/get.go:66.2,72.16 5 1
github.com/yigithankarabulut/ConcurrentTaskService/internal/transport/http/httphandler/get.go:72.16,74.47 1 1
github.com/yigithankarabulut/ConcurrentTaskService/internal/transport/http/httphandler/get.go:74.47,80.4 2 1
github.com/yigithankarabulut/ConcurrentTaskService/internal/transport/http/httphandler/get.go:81.3,82.30 2 1
github.com/yigithankarabulut/ConcurrentTaskService/internal/transport/http/httphandler/get.go:82.30,84.26 2 1
github.com/yigithankarabulut/ConcurrentTaskService/internal/transport/http/httphandler/get.go:84.26,86.11 2 0
github.com/yigithankarabulut/ConcurrentTaskService/internal/transport/http/httphandler/get.go:86.11,88.6 1 0
github.com/yigithankarabulut/ConcurrentTaskService/internal/transport/http/httphandler/get.go:90.4,90.23 1 1
github.com/yigithankarabulut/ConcurrentTaskService/internal/transport/http/httphandler/get.go:90.23,92.5 1 1
github.com/yigithankarabulut/ConcurrentTaskService/internal/transport/http/httphandler/get.go:93.4,93.43 1 1
github.com/yigithankarabulut/ConcurrentTaskService/internal/transport/http/httphandler/get.go:93.43,99.5 2 1
github.com/yigithankarabulut/ConcurrentTaskService/internal/transport/http/httphandler/get.go:101.3,105.9 2 1
github.com/yigithankarabulut/ConcurrentTaskService/internal/transport/http/httphandler/get.go:108.2,112.8 2 1
github.com/yigithankarabulut/ConcurrentTaskService/internal/transport/http/httphandler/list.go:28.68,34.33 4 1
github.com/yigithankarabulut/ConcurrentTaskService/internal/transport/http/httphandler/list.go:34.33,41.3 2 1
github.com/yigithankarabulut/ConcurrentTaskService/internal/transport/http/httphandler/list.go:42.2,42.28 1 1
github.com/yigithankarabulut/ConcurrentTaskService/internal/transport/http/httphandler/list.go:42.28,48.3 2 1
github.com/yigithankarabulut/ConcurrentTaskService/internal/transport/http/httphandler/list.go:50.2,51.16 2 1
github.com/yigithankarabulut/ConcurrentTaskService/internal/transport/http/httphandler/list.go:51.16,57.3 2 1
github.com/yigithankarabulut/ConcurrentTaskService/internal/transport/http/httphandler/list.go:58.2,64.16 5 1
github.com/yigithankarabulut/ConcurrentTaskService/internal/transport/http/httphandler/list.go:64.16,66.47 1 1
github.com/yigithankarabulut/ConcurrentTaskService/internal/transport/http/httphandler/list.go:66.47,72.4 2 1
github.com/yigithankarabulut/ConcurrentTaskService/internal/transport/http/httphandler/list.go:73.3,74.30 2 1
github.com/yigithankarabulut/ConcurrentTaskService/internal/transport/http/httphandler/list.go:74.30,76.26 2 1
github.com/yigithankarabulut/ConcurrentTaskService/internal/transport/http/httphandler/list.go:76.26,78.11 2 0
github.com/yigithankarabulut/ConcurrentTaskService/internal/transport/http/httphandler/list.go:78.11,80.6 1 0
github.com/yigithankarabulut/ConcurrentTaskService/internal/transport/http/httphandler/list.go:83.4,83.23 1 1
github.com/yigithankarabulut/ConcurrentTaskService/internal/transport/http/httphandler/list.go:83.23,85.5 1 1
github.com/yigithankarabulut/ConcurrentTaskService/internal/transport/http/httphandler/list.go:87.4,87.39 1 1
github.com/yigithankarabulut/ConcurrentTaskService/internal/transport/http/httphandler/list.go:87.39,93.5 2 1
github.com/yigithankarabulut/ConcurrentTaskService/internal/transport/http/httphandler/list.go:95.3,99.9 2 1
github.com/yigithankarabulut/ConcurrentTaskService/internal/transport/http/httphandler/list.go:102.2,105.3 1 1
github.com/yigithankarabulut/ConcurrentTaskService/internal/transport/http/httphandler/set.go:28.67,34.33 4 1
github.com/yigithankarabulut/ConcurrentTaskService/internal/transport/http/httphandler/set.go:34.33,41.3 2 1
github.com/yigithankarabulut/ConcurrentTaskService/internal/transport/http/httphandler/set.go:42.2,42.28 1 1
github.com/yigithankarabulut/ConcurrentTaskService/internal/transport/http/httphandler/set.go:42.28,48.3 2 1
github.com/yigithankarabulut/ConcurrentTaskService/internal/transport/http/httphandler/set.go:50.2,51.16 2 1
github.com/yigithankarabulut/ConcurrentTaskService/internal/transport/http/httphandler/set.go:51.16,57.3 2 1
github.com/yigithankarabulut/ConcurrentTaskService/internal/transport/http/httphandler/set.go:58.2,64.16 5 1
github.com/yigithankarabulut/ConcurrentTaskService/internal/transport/http/httphandler/set.go:64.16,66.47 1 1
github.com/yigithankarabulut/ConcurrentTaskService/internal/transport/http/httphandler/set.go:66.47,72.4 2 1
github.com/yigithankarabulut/ConcurrentTaskService/internal/transport/http/httphandler/set.go:73.3,74.30 2 1
github.com/yigithankarabulut/ConcurrentTaskService/internal/transport/http/httphandler/set.go:74.30,76.26 2 1
github.com/yigithankarabulut/ConcurrentTaskService/internal/transport/http/httphandler/set.go:76.26,78.11 2 0
github.com/yigithankarabulut/ConcurrentTaskService/internal/transport/http/httphandler/set.go:78.11,80.6 1 0
github.com/yigithankarabulut/ConcurrentTaskService/internal/transport/http/httphandler/set.go:82.4,82.23 1 1
github.com/yigithankarabulut/ConcurrentTaskService/internal/transport/http/httphandler/set.go:82.23,84.5 1 1
github.com/yigithankarabulut/ConcurrentTaskService/internal/transport/http/httphandler/set.go:86.4,86.41 1 1
github.com/yigithankarabulut/ConcurrentTaskService/internal/transport/http/httphandler/set.go:86.41,92.5 2 1
github.com/yigithankarabulut/ConcurrentTaskService/internal/transport/http/httphandler/set.go:93.4,93.36 1 1
github.com/yigithankarabulut/ConcurrentTaskService/internal/transport/http/httphandler/set.go:93.36,99.5 2 1
github.com/yigithankarabulut/ConcurrentTaskService/internal/transport/http/httphandler/set.go:101.3,105.9 2 1
github.com/yigithankarabulut/ConcurrentTaskService/internal/transport/http/httphandler/set.go:108.2,111.3 1 1
github.com/yigithankarabulut/ConcurrentTaskService/internal/transport/http/httphandler/update.go:28.70,34.32 4 1
github.com/yigithankarabulut/ConcurrentTaskService/internal/transport/http/httphandler/update.go:34.32,41.3 2 1
github.com/yigithankarabulut/ConcurrentTaskService/internal/transport/http/httphandler/update.go:42.2,42.28 1 1
github.com/yigithankarabulut/ConcurrentTaskService/internal/transport/http/httphandler/update.go:42.28,48.3 2 1
github.com/yigithankarabulut/ConcurrentTaskService/internal/transport/http/httphandler/update.go:50.2,51.16 2 1
github.com/yigithankarabulut/ConcurrentTaskService/internal/transport/http/httphandler/update.go:51.16,57.3 2 1
github.com/yigithankarabulut/ConcurrentTaskService/internal/transport/http/httphandler/update.go:58.2,64.16 5 1
github.com/yigithankarabulut/ConcurrentTaskService/internal/transport/http/httphandler/update.go:64.16,66.47 1 1
github.com/yigithankarabulut/ConcurrentTaskService/internal/transport/http/httphandler/update.go:66.47,72.4 2 1
github.com/yigithankarabulut/ConcurrentTaskService/internal/transport/http/httphandler/update.go:73.3,74.30 2 1
github.com/yigithankarabulut/ConcurrentTaskService/internal/transport/http/httphandler/update.go:74.30,76.26 2 1
github.com/yigithankarabulut/ConcurrentTaskService/internal/transport/http/httphandler/update.go:76.26,78.11 2 0
github.com/yigithankarabulut/ConcurrentTaskService/internal/transport/http/httphandler/update.go:78.11,80.6 1 0
github.com/yigithankarabulut/ConcurrentTaskService/internal/transport/http/httphandler/update.go:82.4,82.23 1 1
github.com/yigithankarabulut/ConcurrentTaskService/internal/transport/http/httphandler/update.go:82.23,84.5 1 1
github.com/yigithankarabulut/ConcurrentTaskService/internal/transport/http/httphandler/update.go:85.4,85.43 1 1
github.com/yigithankarabulut/ConcurrentTaskService/internal/transport/http/httphandler/update.go:85.43,91.5 2 1
github.com/yigithankarabulut/ConcurrentTaskService/internal/transport/http/httphandler/update.go:92.4,92.39 1 1
github.com/yigithankarabulut/ConcurrentTaskService/internal/transport/http/httphandler/update.go:92.39,98.5 2 1
github.com/yigithankarabulut/ConcurrentTaskService/internal/transport/http/httphandler/update.go:100.3,104.9 2 1
github.com/yigithankarabulut/ConcurrentTaskService/internal/transport/http/httphandler/update.go:107.2,110.3 1 1
