mode: set
PASS
coverage: 97.4% of statements
ok      github.com/yigithankarabulut/ConcurrentTaskService/src/internal/repository/taskstorage  0.002s
github.com/yigithankarabulut/ConcurrentTaskService/src/internal/repository/taskstorage/base.go:22.47,23.30 1 1
github.com/yigithankarabulut/ConcurrentTaskService/src/internal/repository/taskstorage/base.go:23.30,25.3 1 1
github.com/yigithankarabulut/ConcurrentTaskService/src/internal/repository/taskstorage/base.go:28.59,30.27 2 1
github.com/yigithankarabulut/ConcurrentTaskService/src/internal/repository/taskstorage/base.go:30.27,32.3 1 1
github.com/yigithankarabulut/ConcurrentTaskService/src/internal/repository/taskstorage/base.go:33.2,33.10 1 1
github.com/yigithankarabulut/ConcurrentTaskService/src/internal/repository/taskstorage/delete.go:9.45,12.16 3 1
github.com/yigithankarabulut/ConcurrentTaskService/src/internal/repository/taskstorage/delete.go:12.16,14.3 1 1
github.com/yigithankarabulut/ConcurrentTaskService/src/internal/repository/taskstorage/delete.go:15.2,15.12 1 1
github.com/yigithankarabulut/ConcurrentTaskService/src/internal/repository/taskstorage/get.go:10.50,14.16 4 1
github.com/yigithankarabulut/ConcurrentTaskService/src/internal/repository/taskstorage/get.go:14.16,16.3 1 1
github.com/yigithankarabulut/ConcurrentTaskService/src/internal/repository/taskstorage/get.go:17.2,17.18 1 1
github.com/yigithankarabulut/ConcurrentTaskService/src/internal/repository/taskstorage/list.go:9.59,12.16 3 1
github.com/yigithankarabulut/ConcurrentTaskService/src/internal/repository/taskstorage/list.go:12.16,14.3 1 1
github.com/yigithankarabulut/ConcurrentTaskService/src/internal/repository/taskstorage/list.go:15.2,16.18 2 1
github.com/yigithankarabulut/ConcurrentTaskService/src/internal/repository/taskstorage/list.go:16.18,19.17 3 1
github.com/yigithankarabulut/ConcurrentTaskService/src/internal/repository/taskstorage/list.go:19.17,21.4 1 0
github.com/yigithankarabulut/ConcurrentTaskService/src/internal/repository/taskstorage/list.go:22.3,22.30 1 1
github.com/yigithankarabulut/ConcurrentTaskService/src/internal/repository/taskstorage/list.go:24.2,24.19 1 1
github.com/yigithankarabulut/ConcurrentTaskService/src/internal/repository/taskstorage/set.go:10.44,13.16 3 1
github.com/yigithankarabulut/ConcurrentTaskService/src/internal/repository/taskstorage/set.go:13.16,15.3 1 1
github.com/yigithankarabulut/ConcurrentTaskService/src/internal/repository/taskstorage/set.go:16.2,16.12 1 1
github.com/yigithankarabulut/ConcurrentTaskService/src/internal/repository/taskstorage/update.go:10.47,13.16 3 1
github.com/yigithankarabulut/ConcurrentTaskService/src/internal/repository/taskstorage/update.go:13.16,15.3 1 1
github.com/yigithankarabulut/ConcurrentTaskService/src/internal/repository/taskstorage/update.go:16.2,16.12 1 1
